
2022-01-24 13:25:17:2517 error: Server is running on port 3000.
2022-01-24 13:26:04:264 info: Server is running on port 3000.
2022-01-24 13:30:19:3019 info: Server is running on port 3000.
2022-01-24 13:30:25:3025 info: Server is running on port 3000.
2022-01-24 13:30:27:3027 info: Server is running on port 3000.
2022-01-24 13:32:57:3257 info: Server is running on port 3000.
2022-01-24 13:34:14:3414 info: Server is running on port 3000.
2022-01-24 13:36:13:3613 info: Server is running on port 3000.
2022-01-24 13:36:25:3625 info: Server is running on port 3000.
2022-01-24 13:36:36:3636 info: Server is running on port 3000.
2022-01-24 13:36:48:3648 info: Server is running on port 3000.
2022-01-24 13:36:51:3651 info: Server is running on port 3000.
2022-01-24 13:36:54:3654 info: Server is running on port 3000.
2022-01-24 13:36:56:3656 info: Server is running on port 3000.
2022-01-24 13:36:58:3658 info: Server is running on port 3000.
2022-01-24 13:37:03:373 info: Server is running on port 3000.
2022-01-24 13:37:10:3710 info: Server is running on port 3000.
2022-01-24 13:37:16:3716 info: Server is running on port 3000.
2022-01-24 13:37:26:3726 info: Server is running on port 3000.
2022-01-24 13:37:28:3728 info: Server is running on port 3000.
2022-01-24 13:38:24:3824 info: Server is running on port 3000.
2022-01-24 13:38:28:3828 info: Server is running on port 3000.
2022-01-24 13:38:30:3830 info: Server is running on port 3000.
2022-01-24 13:38:39:3839 info: Server is running on port 3000.
2022-01-24 13:38:45:3845 info: Server is running on port 3000.
2022-01-24 13:38:49:3849 info: Server is running on port 3000.
2022-01-24 13:40:26:4026 info: admin is connected
2022-01-24 13:41:16:4116 info: Server is running on port 3000.
2022-01-24 13:42:04:424 info: Server is running on port 3000.
2022-01-24 13:42:07:427 info: Server is running on port 3000.
2022-01-24 13:42:09:429 info: Server is running on port 3000.
2022-01-24 13:42:13:4213 info: Server is running on port 3000.
2022-01-24 13:42:17:4217 info: Server is running on port 3000.
2022-01-24 13:42:22:4222 info: Server is running on port 3000.
2022-01-24 13:42:25:4225 info: admin  ayant id61e5f35523e2541e830ca711est conecter
2022-01-24 13:42:45:4245 info: Server is running on port 3000.
2022-01-24 13:42:47:4247 info: Server is running on port 3000.
2022-01-24 13:44:23:4423 info: admin  ayant id 61e5f35523e2541e830ca711 est conecter
2022-01-24 13:52:38:5238 info: manager 61eea11556de3a684e6e8cdeest bien enregistrer 
